<?xml version="1.0" encoding="UTF-8"?>
<!-- Generated by org.testng.reporters.JUnitReportReporter -->
<testsuite hostname="Vinay-PC" failures="0" tests="1" name="rahulshettyacademy.tests.ErrorValidationsTest" time="7.470" errors="0" timestamp="19 Apr 2024 04:43:13 GMT" skipped="0">
  <testcase classname="rahulshettyacademy.tests.ErrorValidationsTest" name="LoginErrorValidation" time="7.470"/>
</testsuite> <!-- rahulshettyacademy.tests.ErrorValidationsTest -->
