<?xml version="1.0" encoding="UTF-8"?>
<!-- Generated by org.testng.reporters.JUnitReportReporter -->
<testsuite hostname="Vinay-PC" failures="0" tests="2" name="rahulshettyacademy.tests.SubmitOrderTest" time="21.992" errors="0" timestamp="19 Apr 2024 04:42:22 GMT" skipped="0">
  <testcase classname="rahulshettyacademy.tests.SubmitOrderTest" name="submitOrder" time="12.732"/>
  <testcase classname="rahulshettyacademy.tests.SubmitOrderTest" name="submitOrder" time="9.260"/>
</testsuite> <!-- rahulshettyacademy.tests.SubmitOrderTest -->
